<?xml version="1.0" encoding="UTF-8"?>
<testsuite name="GreeterTest" tests="1" skipped="0" failures="0" errors="0" timestamp="2025-09-19T15:45:55" hostname="Surface-Book2" time="0.058">
  <properties/>
  <testcase name="Say Hi!" classname="GreeterTest" time="0.058"/>
  <system-out><![CDATA[]]></system-out>
  <system-err><![CDATA[]]></system-err>
</testsuite>
