<?xml version="1.0" encoding="UTF-8"?>
<testsuite name="HelloWorldTest" tests="1" skipped="0" failures="0" errors="0" timestamp="2025-10-19T07:57:00" hostname="Surface-Book2" time="0.031">
  <properties/>
  <testcase name="helloWorldTest" classname="HelloWorldTest" time="0.031"/>
  <system-out><![CDATA[]]></system-out>
  <system-err><![CDATA[]]></system-err>
</testsuite>
