<?xml version="1.0" encoding="UTF-8"?>
<testsuite name="FootballMatchReportsTest" tests="10" skipped="0" failures="0" errors="0" timestamp="2025-10-07T09:54:31" hostname="Surface-Book2" time="0.067">
  <properties/>
  <testcase name="task:2 :The onField method returns 'invalid' for invalid shirt number" classname="FootballMatchReportsTest" time="0.045"/>
  <testcase name="task:1 :The onField method returns the correct description of player with shirt number 2" classname="FootballMatchReportsTest" time="0.002"/>
  <testcase name="task:1 :The onField method returns the correct description of player with shirt number 9" classname="FootballMatchReportsTest" time="0.001"/>
  <testcase name="task:1 :The onField method returns the correct description of player with shirt number 1" classname="FootballMatchReportsTest" time="0.0"/>
  <testcase name="task:1 :The onField method returns the correct description of player with shirt number 5" classname="FootballMatchReportsTest" time="0.001"/>
  <testcase name="task:1 :The onField method returns the correct description of player with shirt number 11" classname="FootballMatchReportsTest" time="0.002"/>
  <testcase name="task:1 :The onField method returns the correct description of players with shirt numbers 6, 7 and 8" classname="FootballMatchReportsTest" time="0.002"/>
  <testcase name="task:1 :The onField method returns the correct description of players with shirt numbers 3 and 4" classname="FootballMatchReportsTest" time="0.001"/>
  <testcase name="task:2 :The onField method returns 'invalid' for negative shirt number" classname="FootballMatchReportsTest" time="0.001"/>
  <testcase name="task:1 :The onField method returns the correct description of player with shirt number 10" classname="FootballMatchReportsTest" time="0.001"/>
  <system-out><![CDATA[]]></system-out>
  <system-err><![CDATA[]]></system-err>
</testsuite>
