<?xml version="1.0" encoding="UTF-8"?>
<testsuite name="RemoteControlCarTest" tests="8" skipped="0" failures="0" errors="0" timestamp="2025-10-03T14:35:15" hostname="Surface-Book2" time="0.066">
  <properties/>
  <testcase name="task:1 :The ExperimentalRemoteControlCar is an instance of the RemoteControlCar interface" classname="RemoteControlCarTest" time="0.049"/>
  <testcase name="task:4 :The ProductionRemoteControlCar implements the Comparable interface" classname="RemoteControlCarTest" time="0.002"/>
  <testcase name="task:2 :The getDistanceTravelled method of the ProductionRemoteControlCar returns 10 after driving once" classname="RemoteControlCarTest" time="0.002"/>
  <testcase name="task:4 :The getRankedCars returns a list of multiple cars sorted by number of victories" classname="RemoteControlCarTest" time="0.002"/>
  <testcase name="task:3 :The TestTrack.race method uses the drive method on the remote control car" classname="RemoteControlCarTest" time="0.001"/>
  <testcase name="task:2 :The getDistanceTravelled method of the ExperimentalRemoteControlCar returns 20 after driving once" classname="RemoteControlCarTest" time="0.0"/>
  <testcase name="task:1 :The ProductionRemoteControlCar is an instance of the RemoteControlCar interface" classname="RemoteControlCarTest" time="0.001"/>
  <testcase name="task:4 :The getRankedCars returns a list of two cars sorted by number of victories" classname="RemoteControlCarTest" time="0.001"/>
  <system-out><![CDATA[]]></system-out>
  <system-err><![CDATA[]]></system-err>
</testsuite>
